10:32:49 INFO  : Registering command handlers for SDK TCF services
10:32:51 INFO  : Launching XSCT server: xsct.bat -interactive C:\AT426-BU-98000-r0p1-00rel0\software\m3_for_arty_a7\sdk_workspace\temp_xsdb_launch_script.tcl
10:32:55 INFO  : XSCT server has started successfully.
10:32:58 INFO  : Successfully done setting XSCT server connection channel  
10:32:58 INFO  : Successfully done setting SDK workspace  
10:32:58 INFO  : Processing command line option -hwspec C:/AT426-BU-98000-r0p1-00rel0/software/m3_for_arty_a7_wrapper.hdf.
10:34:21 INFO  : Saving repository preferences.
10:34:21 INFO  : Reading in cores from global repositories: 
		 C:\AT426-BU-98000-r0p1-00rel0\vivado\Arm_sw_repository
10:34:21 INFO  : Cleaning BSP projects in the workspace.
10:34:24 INFO  : Saving repository preferences.
10:46:27 INFO  : Launching XSCT server: xsct.bat -interactive C:\AT426-BU-98000-r0p1-00rel0\software\m3_for_arty_a7\sdk_workspace\temp_xsdb_launch_script.tcl
10:46:29 INFO  : XSCT server has started successfully.
10:46:29 INFO  : Successfully done setting XSCT server connection channel  
10:46:32 INFO  : Successfully done setting SDK workspace  
10:46:33 INFO  : Registering command handlers for SDK TCF services
10:46:34 INFO  : Restoring global repository preferences: 
		 C:\AT426-BU-98000-r0p1-00rel0\vivado\Arm_sw_repository
10:46:34 INFO  : Processing command line option -hwspec C:/AT426-BU-98000-r0p1-00rel0/software/m3_for_arty_a7_wrapper.hdf.
10:46:35 INFO  : Checking for hwspec changes in the project m3_for_arty_a7_wrapper_hw_platform_0.
10:46:59 INFO  : Saving repository preferences.
09:55:43 INFO  : Launching XSCT server: xsct.bat -interactive C:\AT426-BU-98000-r0p1-00rel0\software\m3_for_arty_a7\sdk_workspace\temp_xsdb_launch_script.tcl
09:55:46 INFO  : XSCT server has started successfully.
09:55:51 INFO  : Successfully done setting XSCT server connection channel  
09:55:51 INFO  : Successfully done setting SDK workspace  
09:55:53 INFO  : Registering command handlers for SDK TCF services
09:55:54 INFO  : Restoring global repository preferences: 
		 C:\AT426-BU-98000-r0p1-00rel0\vivado\Arm_sw_repository
09:55:54 INFO  : Processing command line option -hwspec C:/AT426-BU-98000-r0p1-00rel0/software/m3_for_arty_a7_wrapper.hdf.
09:55:54 INFO  : Checking for hwspec changes in the project m3_for_arty_a7_wrapper_hw_platform_0.
15:14:40 INFO  : Launching XSCT server: xsct.bat -interactive C:\AT426-BU-98000-r0p1-00rel0\software\m3_for_arty_a7\sdk_workspace\temp_xsdb_launch_script.tcl
15:14:42 INFO  : XSCT server has started successfully.
15:14:42 INFO  : Successfully done setting XSCT server connection channel  
15:14:42 INFO  : Successfully done setting SDK workspace  
15:14:42 INFO  : Restoring global repository preferences: 
		 C:\AT426-BU-98000-r0p1-00rel0\vivado\Arm_sw_repository
15:14:48 INFO  : Registering command handlers for SDK TCF services
15:14:48 INFO  : Processing command line option -hwspec C:/AT426-BU-98000-r0p1-00rel0/software/m3_for_arty_a7_wrapper.hdf.
15:14:48 INFO  : Checking for hwspec changes in the project m3_for_arty_a7_wrapper_hw_platform_0.
15:21:59 INFO  : Launching XSCT server: xsct.bat -interactive C:\AT426-BU-98000-r0p1-00rel0\software\m3_for_arty_a7\sdk_workspace\temp_xsdb_launch_script.tcl
15:22:01 INFO  : XSCT server has started successfully.
15:22:01 INFO  : Successfully done setting XSCT server connection channel  
15:22:01 INFO  : Successfully done setting SDK workspace  
15:22:01 INFO  : Restoring global repository preferences: 
		 C:\AT426-BU-98000-r0p1-00rel0\vivado\Arm_sw_repository
15:22:03 INFO  : Registering command handlers for SDK TCF services
15:22:03 INFO  : Processing command line option -hwspec C:/AT426-BU-98000-r0p1-00rel0/software/m3_for_arty_a7_wrapper.hdf.
15:22:03 INFO  : Checking for hwspec changes in the project m3_for_arty_a7_wrapper_hw_platform_0.
